<?xml version="1.0" encoding="UTF-8"?>
<testsuite name="memory.MemoryFinderTest" tests="1" skipped="0" failures="0" errors="0" timestamp="2025-03-15T06:17:44" hostname="DESKTOP-6U9N35V" time="0.165">
  <properties/>
  <testcase name="get()" classname="memory.MemoryFinderTest" time="0.165"/>
  <system-out><![CDATA[]]></system-out>
  <system-err><![CDATA[]]></system-err>
</testsuite>
